[25-Feb-2019 10:40:26 UTC] PHP Fatal error:  Function name must be a string in /home/ubuntu/workspace/Project/pages/UserSystemIncludes/signup.inc.php on line 42
[25-Feb-2019 10:40:26 UTC] PHP Stack trace:
[25-Feb-2019 10:40:26 UTC] PHP   1. {main}() /home/ubuntu/workspace/Project/pages/UserSystemIncludes/signup.inc.php:0
[25-Feb-2019 10:43:55 UTC] PHP Fatal error:  Function name must be a string in /home/ubuntu/workspace/Project/pages/UserSystemIncludes/signup.inc.php on line 42
[25-Feb-2019 10:43:55 UTC] PHP Stack trace:
[25-Feb-2019 10:43:55 UTC] PHP   1. {main}() /home/ubuntu/workspace/Project/pages/UserSystemIncludes/signup.inc.php:0
[25-Feb-2019 10:47:25 UTC] PHP Fatal error:  Function name must be a string in /home/ubuntu/workspace/Project/pages/UserSystemIncludes/signup.inc.php on line 42
[25-Feb-2019 10:47:25 UTC] PHP Stack trace:
[25-Feb-2019 10:47:25 UTC] PHP   1. {main}() /home/ubuntu/workspace/Project/pages/UserSystemIncludes/signup.inc.php:0
[25-Feb-2019 10:47:53 UTC] PHP Fatal error:  Function name must be a string in /home/ubuntu/workspace/Project/pages/UserSystemIncludes/signup.inc.php on line 42
[25-Feb-2019 10:47:53 UTC] PHP Stack trace:
[25-Feb-2019 10:47:53 UTC] PHP   1. {main}() /home/ubuntu/workspace/Project/pages/UserSystemIncludes/signup.inc.php:0
[25-Feb-2019 10:48:47 UTC] PHP Fatal error:  Function name must be a string in /home/ubuntu/workspace/Project/pages/UserSystemIncludes/signup.inc.php on line 42
[25-Feb-2019 10:48:47 UTC] PHP Stack trace:
[25-Feb-2019 10:48:47 UTC] PHP   1. {main}() /home/ubuntu/workspace/Project/pages/UserSystemIncludes/signup.inc.php:0
[25-Feb-2019 11:07:40 UTC] PHP Warning:  require(/Project/pages/UserSystemIncludes/dbh.inc.php): failed to open stream: No such file or directory in /home/ubuntu/workspace/Project/pages/UserSystemIncludes/signup.inc.php on line 6
[25-Feb-2019 11:07:40 UTC] PHP Stack trace:
[25-Feb-2019 11:07:40 UTC] PHP   1. {main}() /home/ubuntu/workspace/Project/pages/UserSystemIncludes/signup.inc.php:0
[25-Feb-2019 11:07:40 UTC] PHP Fatal error:  require(): Failed opening required '/Project/pages/UserSystemIncludes/dbh.inc.php' (include_path='.:/usr/share/php:/usr/share/pear') in /home/ubuntu/workspace/Project/pages/UserSystemIncludes/signup.inc.php on line 6
[25-Feb-2019 11:07:40 UTC] PHP Stack trace:
[25-Feb-2019 11:07:40 UTC] PHP   1. {main}() /home/ubuntu/workspace/Project/pages/UserSystemIncludes/signup.inc.php:0
[25-Feb-2019 12:03:56 UTC] PHP Warning:  mysqli::mysqli(): (HY000/1045): Access denied for user ''@'localhost' (using password: NO) in /home/ubuntu/workspace/Project/pages/UserSystemIncludes/dbh.inc.php on line 9
[25-Feb-2019 12:03:56 UTC] PHP Stack trace:
[25-Feb-2019 12:03:56 UTC] PHP   1. {main}() /home/ubuntu/workspace/Project/pages/UserSystemIncludes/signup.inc.php:0
[25-Feb-2019 12:03:56 UTC] PHP   2. require() /home/ubuntu/workspace/Project/pages/UserSystemIncludes/signup.inc.php:6
[25-Feb-2019 12:03:56 UTC] PHP   3. mysqli->mysqli() /home/ubuntu/workspace/Project/pages/UserSystemIncludes/dbh.inc.php:9
[25-Feb-2019 21:19:36 UTC] PHP Fatal error:  Call to undefined function random_bytes() in /home/ubuntu/workspace/Project/pages/UserSystemIncludes/resetpasswordrequest.inc.php on line 6
[25-Feb-2019 21:19:36 UTC] PHP Stack trace:
[25-Feb-2019 21:19:36 UTC] PHP   1. {main}() /home/ubuntu/workspace/Project/pages/UserSystemIncludes/resetpasswordrequest.inc.php:0
[25-Feb-2019 22:12:13 UTC] PHP Fatal error:  Call to undefined function random_bytes() in /home/ubuntu/workspace/Project/pages/UserSystemIncludes/resetpasswordrequest.inc.php on line 6
[25-Feb-2019 22:12:13 UTC] PHP Stack trace:
[25-Feb-2019 22:12:13 UTC] PHP   1. {main}() /home/ubuntu/workspace/Project/pages/UserSystemIncludes/resetpasswordrequest.inc.php:0
[26-Feb-2019 01:02:50 UTC] PHP Fatal error:  Call to undefined function random_bytes() in /home/ubuntu/workspace/Project/pages/UserSystemIncludes/resetpasswordrequest.inc.php on line 6
[26-Feb-2019 01:02:50 UTC] PHP Stack trace:
[26-Feb-2019 01:02:50 UTC] PHP   1. {main}() /home/ubuntu/workspace/Project/pages/UserSystemIncludes/resetpasswordrequest.inc.php:0
[26-Feb-2019 01:12:30 UTC] PHP Fatal error:  Call to undefined function random_bytes() in /home/ubuntu/workspace/Project/pages/UserSystemIncludes/resetpasswordrequest.inc.php on line 6
[26-Feb-2019 01:12:30 UTC] PHP Stack trace:
[26-Feb-2019 01:12:30 UTC] PHP   1. {main}() /home/ubuntu/workspace/Project/pages/UserSystemIncludes/resetpasswordrequest.inc.php:0
[26-Feb-2019 01:12:38 UTC] PHP Fatal error:  Call to undefined function random_bytes() in /home/ubuntu/workspace/Project/pages/UserSystemIncludes/resetpasswordrequest.inc.php on line 6
[26-Feb-2019 01:12:38 UTC] PHP Stack trace:
[26-Feb-2019 01:12:38 UTC] PHP   1. {main}() /home/ubuntu/workspace/Project/pages/UserSystemIncludes/resetpasswordrequest.inc.php:0
[26-Feb-2019 01:13:39 UTC] PHP Fatal error:  Call to undefined function random_bytes() in /home/ubuntu/workspace/Project/pages/UserSystemIncludes/resetpasswordrequest.inc.php on line 6
[26-Feb-2019 01:13:39 UTC] PHP Stack trace:
[26-Feb-2019 01:13:39 UTC] PHP   1. {main}() /home/ubuntu/workspace/Project/pages/UserSystemIncludes/resetpasswordrequest.inc.php:0
[26-Feb-2019 01:17:43 UTC] PHP Fatal error:  Call to undefined function random_bytes() in /home/ubuntu/workspace/Project/pages/UserSystemIncludes/resetpasswordrequest.inc.php on line 6
[26-Feb-2019 01:17:43 UTC] PHP Stack trace:
[26-Feb-2019 01:17:43 UTC] PHP   1. {main}() /home/ubuntu/workspace/Project/pages/UserSystemIncludes/resetpasswordrequest.inc.php:0
[03-Mar-2019 12:14:26 UTC] PHP Warning:  move_uploaded_file(/home/ubuntu/workspace/Project/pages/UserUploads/Project/pages/UserUploads/5c7bc5228b5571.66013357.png): failed to open stream: No such file or directory in /home/ubuntu/workspace/Project/pages/UserUploads/productupload.php on line 24
[03-Mar-2019 12:14:26 UTC] PHP Stack trace:
[03-Mar-2019 12:14:26 UTC] PHP   1. {main}() /home/ubuntu/workspace/Project/pages/UserUploads/productupload.php:0
[03-Mar-2019 12:14:26 UTC] PHP   2. move_uploaded_file() /home/ubuntu/workspace/Project/pages/UserUploads/productupload.php:24
[03-Mar-2019 12:14:26 UTC] PHP Warning:  move_uploaded_file(): Unable to move '/tmp/phpnK5ZFA' to '/home/ubuntu/workspace/Project/pages/UserUploads/Project/pages/UserUploads/5c7bc5228b5571.66013357.png' in /home/ubuntu/workspace/Project/pages/UserUploads/productupload.php on line 24
[03-Mar-2019 12:14:26 UTC] PHP Stack trace:
[03-Mar-2019 12:14:26 UTC] PHP   1. {main}() /home/ubuntu/workspace/Project/pages/UserUploads/productupload.php:0
[03-Mar-2019 12:14:26 UTC] PHP   2. move_uploaded_file() /home/ubuntu/workspace/Project/pages/UserUploads/productupload.php:24
[03-Mar-2019 12:18:21 UTC] PHP Warning:  move_uploaded_file(/home/ubuntu/workspace/Project/pages/UserUploads/Project/pages/UserUploads/5c7bc60d062879.95759376.png): failed to open stream: No such file or directory in /home/ubuntu/workspace/Project/pages/UserUploads/productupload.php on line 24
[03-Mar-2019 12:18:21 UTC] PHP Stack trace:
[03-Mar-2019 12:18:21 UTC] PHP   1. {main}() /home/ubuntu/workspace/Project/pages/UserUploads/productupload.php:0
[03-Mar-2019 12:18:21 UTC] PHP   2. move_uploaded_file() /home/ubuntu/workspace/Project/pages/UserUploads/productupload.php:24
[03-Mar-2019 12:18:21 UTC] PHP Warning:  move_uploaded_file(): Unable to move '/tmp/phpARqAjU' to '/home/ubuntu/workspace/Project/pages/UserUploads/Project/pages/UserUploads/5c7bc60d062879.95759376.png' in /home/ubuntu/workspace/Project/pages/UserUploads/productupload.php on line 24
[03-Mar-2019 12:18:21 UTC] PHP Stack trace:
[03-Mar-2019 12:18:21 UTC] PHP   1. {main}() /home/ubuntu/workspace/Project/pages/UserUploads/productupload.php:0
[03-Mar-2019 12:18:21 UTC] PHP   2. move_uploaded_file() /home/ubuntu/workspace/Project/pages/UserUploads/productupload.php:24
[03-Mar-2019 12:21:10 UTC] PHP Warning:  move_uploaded_file(/home/ubuntu/workspace/Project/pages/UserUploads/Project/pages/UserUploads/5c7bc6b652e414.96224297.png): failed to open stream: No such file or directory in /home/ubuntu/workspace/Project/pages/UserUploads/productupload.php on line 24
[03-Mar-2019 12:21:10 UTC] PHP Stack trace:
[03-Mar-2019 12:21:10 UTC] PHP   1. {main}() /home/ubuntu/workspace/Project/pages/UserUploads/productupload.php:0
[03-Mar-2019 12:21:10 UTC] PHP   2. move_uploaded_file() /home/ubuntu/workspace/Project/pages/UserUploads/productupload.php:24
[03-Mar-2019 12:21:10 UTC] PHP Warning:  move_uploaded_file(): Unable to move '/tmp/phpNnx1ct' to '/home/ubuntu/workspace/Project/pages/UserUploads/Project/pages/UserUploads/5c7bc6b652e414.96224297.png' in /home/ubuntu/workspace/Project/pages/UserUploads/productupload.php on line 24
[03-Mar-2019 12:21:10 UTC] PHP Stack trace:
[03-Mar-2019 12:21:10 UTC] PHP   1. {main}() /home/ubuntu/workspace/Project/pages/UserUploads/productupload.php:0
[03-Mar-2019 12:21:10 UTC] PHP   2. move_uploaded_file() /home/ubuntu/workspace/Project/pages/UserUploads/productupload.php:24
[03-Mar-2019 13:33:47 UTC] PHP Warning:  move_uploaded_file(/Project/pages/UserUploads/ProductPictures/outlet-0001.png): failed to open stream: No such file or directory in /home/ubuntu/workspace/Project/pages/UserUploads/productupload.php on line 68
[03-Mar-2019 13:33:47 UTC] PHP Stack trace:
[03-Mar-2019 13:33:47 UTC] PHP   1. {main}() /home/ubuntu/workspace/Project/pages/UserUploads/productupload.php:0
[03-Mar-2019 13:33:47 UTC] PHP   2. move_uploaded_file() /home/ubuntu/workspace/Project/pages/UserUploads/productupload.php:68
[03-Mar-2019 13:33:47 UTC] PHP Warning:  move_uploaded_file(): Unable to move '/tmp/phpGVVeB0' to '/Project/pages/UserUploads/ProductPictures/outlet-0001.png' in /home/ubuntu/workspace/Project/pages/UserUploads/productupload.php on line 68
[03-Mar-2019 13:33:47 UTC] PHP Stack trace:
[03-Mar-2019 13:33:47 UTC] PHP   1. {main}() /home/ubuntu/workspace/Project/pages/UserUploads/productupload.php:0
[03-Mar-2019 13:33:47 UTC] PHP   2. move_uploaded_file() /home/ubuntu/workspace/Project/pages/UserUploads/productupload.php:68
[06-Mar-2019 21:15:09 UTC] PHP Warning:  move_uploaded_file(/home/ubuntu/workspace/Project/pages/UserUploads/Project/pages/UserUploads/ProductPictures/): failed to open stream: No such file or directory in /home/ubuntu/workspace/Project/pages/UserUploads/productupload.php on line 23
[06-Mar-2019 21:15:09 UTC] PHP Stack trace:
[06-Mar-2019 21:15:09 UTC] PHP   1. {main}() /home/ubuntu/workspace/Project/pages/UserUploads/productupload.php:0
[06-Mar-2019 21:15:09 UTC] PHP   2. move_uploaded_file() /home/ubuntu/workspace/Project/pages/UserUploads/productupload.php:23
[06-Mar-2019 21:15:09 UTC] PHP Warning:  move_uploaded_file(): Unable to move '/tmp/phpnBODJM' to '/home/ubuntu/workspace/Project/pages/UserUploads/Project/pages/UserUploads/ProductPictures/' in /home/ubuntu/workspace/Project/pages/UserUploads/productupload.php on line 23
[06-Mar-2019 21:15:09 UTC] PHP Stack trace:
[06-Mar-2019 21:15:09 UTC] PHP   1. {main}() /home/ubuntu/workspace/Project/pages/UserUploads/productupload.php:0
[06-Mar-2019 21:15:09 UTC] PHP   2. move_uploaded_file() /home/ubuntu/workspace/Project/pages/UserUploads/productupload.php:23
[06-Mar-2019 21:16:34 UTC] PHP Warning:  move_uploaded_file(/home/ubuntu/workspace/Project/pages/UserUploads/Project/pages/UserUploads/ProductPictures/): failed to open stream: No such file or directory in /home/ubuntu/workspace/Project/pages/UserUploads/productupload.php on line 23
[06-Mar-2019 21:16:34 UTC] PHP Stack trace:
[06-Mar-2019 21:16:34 UTC] PHP   1. {main}() /home/ubuntu/workspace/Project/pages/UserUploads/productupload.php:0
[06-Mar-2019 21:16:34 UTC] PHP   2. move_uploaded_file() /home/ubuntu/workspace/Project/pages/UserUploads/productupload.php:23
[06-Mar-2019 21:16:34 UTC] PHP Warning:  move_uploaded_file(): Unable to move '/tmp/php5pIgIk' to '/home/ubuntu/workspace/Project/pages/UserUploads/Project/pages/UserUploads/ProductPictures/' in /home/ubuntu/workspace/Project/pages/UserUploads/productupload.php on line 23
[06-Mar-2019 21:16:34 UTC] PHP Stack trace:
[06-Mar-2019 21:16:34 UTC] PHP   1. {main}() /home/ubuntu/workspace/Project/pages/UserUploads/productupload.php:0
[06-Mar-2019 21:16:34 UTC] PHP   2. move_uploaded_file() /home/ubuntu/workspace/Project/pages/UserUploads/productupload.php:23
[06-Mar-2019 21:20:10 UTC] PHP Warning:  file_get_contents(): Filename cannot be empty in /home/ubuntu/workspace/Project/pages/UserUploads/productupload.php on line 55
[06-Mar-2019 21:20:10 UTC] PHP Stack trace:
[06-Mar-2019 21:20:10 UTC] PHP   1. {main}() /home/ubuntu/workspace/Project/pages/UserUploads/productupload.php:0
[06-Mar-2019 21:20:10 UTC] PHP   2. file_get_contents() /home/ubuntu/workspace/Project/pages/UserUploads/productupload.php:55
[06-Mar-2019 21:30:17 UTC] PHP Warning:  move_uploaded_file(/home/ubuntu/workspace/Project/pages/UserUploads/Project/pages/UserUploads/ProductPictures/5c803be9e3dd46.49542859.jpeg): failed to open stream: No such file or directory in /home/ubuntu/workspace/Project/pages/UserUploads/productupload.php on line 23
[06-Mar-2019 21:30:17 UTC] PHP Stack trace:
[06-Mar-2019 21:30:17 UTC] PHP   1. {main}() /home/ubuntu/workspace/Project/pages/UserUploads/productupload.php:0
[06-Mar-2019 21:30:17 UTC] PHP   2. move_uploaded_file() /home/ubuntu/workspace/Project/pages/UserUploads/productupload.php:23
[06-Mar-2019 21:30:17 UTC] PHP Warning:  move_uploaded_file(): Unable to move '/tmp/phpQdDadF' to '/home/ubuntu/workspace/Project/pages/UserUploads/Project/pages/UserUploads/ProductPictures/5c803be9e3dd46.49542859.jpeg' in /home/ubuntu/workspace/Project/pages/UserUploads/productupload.php on line 23
[06-Mar-2019 21:30:17 UTC] PHP Stack trace:
[06-Mar-2019 21:30:17 UTC] PHP   1. {main}() /home/ubuntu/workspace/Project/pages/UserUploads/productupload.php:0
[06-Mar-2019 21:30:17 UTC] PHP   2. move_uploaded_file() /home/ubuntu/workspace/Project/pages/UserUploads/productupload.php:23
[06-Mar-2019 21:30:17 UTC] PHP Warning:  mysqli_stmt_close() expects parameter 1 to be mysqli_stmt, null given in /home/ubuntu/workspace/Project/pages/UserUploads/productupload.php on line 105
[06-Mar-2019 21:30:17 UTC] PHP Stack trace:
[06-Mar-2019 21:30:17 UTC] PHP   1. {main}() /home/ubuntu/workspace/Project/pages/UserUploads/productupload.php:0
[06-Mar-2019 21:30:17 UTC] PHP   2. mysqli_stmt_close() /home/ubuntu/workspace/Project/pages/UserUploads/productupload.php:105
[06-Mar-2019 21:31:18 UTC] PHP Warning:  move_uploaded_file(/home/ubuntu/workspace/Project/pages/UserUploads/Project/pages/UserUploads/ProductPictures/): failed to open stream: No such file or directory in /home/ubuntu/workspace/Project/pages/UserUploads/productupload.php on line 23
[06-Mar-2019 21:31:18 UTC] PHP Stack trace:
[06-Mar-2019 21:31:18 UTC] PHP   1. {main}() /home/ubuntu/workspace/Project/pages/UserUploads/productupload.php:0
[06-Mar-2019 21:31:18 UTC] PHP   2. move_uploaded_file() /home/ubuntu/workspace/Project/pages/UserUploads/productupload.php:23
[06-Mar-2019 21:31:18 UTC] PHP Warning:  move_uploaded_file(): Unable to move '/tmp/phpYUo4s0' to '/home/ubuntu/workspace/Project/pages/UserUploads/Project/pages/UserUploads/ProductPictures/' in /home/ubuntu/workspace/Project/pages/UserUploads/productupload.php on line 23
[06-Mar-2019 21:31:18 UTC] PHP Stack trace:
[06-Mar-2019 21:31:18 UTC] PHP   1. {main}() /home/ubuntu/workspace/Project/pages/UserUploads/productupload.php:0
[06-Mar-2019 21:31:18 UTC] PHP   2. move_uploaded_file() /home/ubuntu/workspace/Project/pages/UserUploads/productupload.php:23
[06-Mar-2019 21:31:18 UTC] PHP Warning:  mysqli_stmt_close() expects parameter 1 to be mysqli_stmt, null given in /home/ubuntu/workspace/Project/pages/UserUploads/productupload.php on line 105
[06-Mar-2019 21:31:18 UTC] PHP Stack trace:
[06-Mar-2019 21:31:18 UTC] PHP   1. {main}() /home/ubuntu/workspace/Project/pages/UserUploads/productupload.php:0
[06-Mar-2019 21:31:18 UTC] PHP   2. mysqli_stmt_close() /home/ubuntu/workspace/Project/pages/UserUploads/productupload.php:105
[06-Mar-2019 21:33:04 UTC] PHP Warning:  move_uploaded_file(/Project/pages/UserUploads/ProductPictures/5c803c90053357.49117386.jpeg): failed to open stream: No such file or directory in /home/ubuntu/workspace/Project/pages/UserUploads/productupload.php on line 23
[06-Mar-2019 21:33:04 UTC] PHP Stack trace:
[06-Mar-2019 21:33:04 UTC] PHP   1. {main}() /home/ubuntu/workspace/Project/pages/UserUploads/productupload.php:0
[06-Mar-2019 21:33:04 UTC] PHP   2. move_uploaded_file() /home/ubuntu/workspace/Project/pages/UserUploads/productupload.php:23
[06-Mar-2019 21:33:04 UTC] PHP Warning:  move_uploaded_file(): Unable to move '/tmp/phpR4kZQO' to '/Project/pages/UserUploads/ProductPictures/5c803c90053357.49117386.jpeg' in /home/ubuntu/workspace/Project/pages/UserUploads/productupload.php on line 23
[06-Mar-2019 21:33:04 UTC] PHP Stack trace:
[06-Mar-2019 21:33:04 UTC] PHP   1. {main}() /home/ubuntu/workspace/Project/pages/UserUploads/productupload.php:0
[06-Mar-2019 21:33:04 UTC] PHP   2. move_uploaded_file() /home/ubuntu/workspace/Project/pages/UserUploads/productupload.php:23
[06-Mar-2019 21:33:04 UTC] PHP Warning:  mysqli_stmt_close() expects parameter 1 to be mysqli_stmt, null given in /home/ubuntu/workspace/Project/pages/UserUploads/productupload.php on line 105
[06-Mar-2019 21:33:04 UTC] PHP Stack trace:
[06-Mar-2019 21:33:04 UTC] PHP   1. {main}() /home/ubuntu/workspace/Project/pages/UserUploads/productupload.php:0
[06-Mar-2019 21:33:04 UTC] PHP   2. mysqli_stmt_close() /home/ubuntu/workspace/Project/pages/UserUploads/productupload.php:105
[06-Mar-2019 21:33:46 UTC] PHP Warning:  move_uploaded_file(/Project/pages/UserUploads/ProductPictures/): failed to open stream: No such file or directory in /home/ubuntu/workspace/Project/pages/UserUploads/productupload.php on line 23
[06-Mar-2019 21:33:46 UTC] PHP Stack trace:
[06-Mar-2019 21:33:46 UTC] PHP   1. {main}() /home/ubuntu/workspace/Project/pages/UserUploads/productupload.php:0
[06-Mar-2019 21:33:46 UTC] PHP   2. move_uploaded_file() /home/ubuntu/workspace/Project/pages/UserUploads/productupload.php:23
[06-Mar-2019 21:33:46 UTC] PHP Warning:  move_uploaded_file(): Unable to move '/tmp/phpFWmPby' to '/Project/pages/UserUploads/ProductPictures/' in /home/ubuntu/workspace/Project/pages/UserUploads/productupload.php on line 23
[06-Mar-2019 21:33:46 UTC] PHP Stack trace:
[06-Mar-2019 21:33:46 UTC] PHP   1. {main}() /home/ubuntu/workspace/Project/pages/UserUploads/productupload.php:0
[06-Mar-2019 21:33:46 UTC] PHP   2. move_uploaded_file() /home/ubuntu/workspace/Project/pages/UserUploads/productupload.php:23
[06-Mar-2019 21:33:46 UTC] PHP Warning:  mysqli_stmt_close() expects parameter 1 to be mysqli_stmt, null given in /home/ubuntu/workspace/Project/pages/UserUploads/productupload.php on line 105
[06-Mar-2019 21:33:46 UTC] PHP Stack trace:
[06-Mar-2019 21:33:46 UTC] PHP   1. {main}() /home/ubuntu/workspace/Project/pages/UserUploads/productupload.php:0
[06-Mar-2019 21:33:46 UTC] PHP   2. mysqli_stmt_close() /home/ubuntu/workspace/Project/pages/UserUploads/productupload.php:105
[06-Mar-2019 21:34:14 UTC] PHP Warning:  move_uploaded_file(/Project/pages/UserUploads/ProductPictures): failed to open stream: No such file or directory in /home/ubuntu/workspace/Project/pages/UserUploads/productupload.php on line 23
[06-Mar-2019 21:34:14 UTC] PHP Stack trace:
[06-Mar-2019 21:34:14 UTC] PHP   1. {main}() /home/ubuntu/workspace/Project/pages/UserUploads/productupload.php:0
[06-Mar-2019 21:34:14 UTC] PHP   2. move_uploaded_file() /home/ubuntu/workspace/Project/pages/UserUploads/productupload.php:23
[06-Mar-2019 21:34:14 UTC] PHP Warning:  move_uploaded_file(): Unable to move '/tmp/phpoe8m4L' to '/Project/pages/UserUploads/ProductPictures' in /home/ubuntu/workspace/Project/pages/UserUploads/productupload.php on line 23
[06-Mar-2019 21:34:14 UTC] PHP Stack trace:
[06-Mar-2019 21:34:14 UTC] PHP   1. {main}() /home/ubuntu/workspace/Project/pages/UserUploads/productupload.php:0
[06-Mar-2019 21:34:14 UTC] PHP   2. move_uploaded_file() /home/ubuntu/workspace/Project/pages/UserUploads/productupload.php:23
[06-Mar-2019 21:34:14 UTC] PHP Warning:  mysqli_stmt_close() expects parameter 1 to be mysqli_stmt, null given in /home/ubuntu/workspace/Project/pages/UserUploads/productupload.php on line 105
[06-Mar-2019 21:34:14 UTC] PHP Stack trace:
[06-Mar-2019 21:34:14 UTC] PHP   1. {main}() /home/ubuntu/workspace/Project/pages/UserUploads/productupload.php:0
[06-Mar-2019 21:34:14 UTC] PHP   2. mysqli_stmt_close() /home/ubuntu/workspace/Project/pages/UserUploads/productupload.php:105
[06-Mar-2019 21:34:54 UTC] PHP Warning:  move_uploaded_file(/ProductPictures): failed to open stream: Permission denied in /home/ubuntu/workspace/Project/pages/UserUploads/productupload.php on line 23
[06-Mar-2019 21:34:54 UTC] PHP Stack trace:
[06-Mar-2019 21:34:54 UTC] PHP   1. {main}() /home/ubuntu/workspace/Project/pages/UserUploads/productupload.php:0
[06-Mar-2019 21:34:54 UTC] PHP   2. move_uploaded_file() /home/ubuntu/workspace/Project/pages/UserUploads/productupload.php:23
[06-Mar-2019 21:34:54 UTC] PHP Warning:  move_uploaded_file(): Unable to move '/tmp/phpHwzZ4w' to '/ProductPictures' in /home/ubuntu/workspace/Project/pages/UserUploads/productupload.php on line 23
[06-Mar-2019 21:34:54 UTC] PHP Stack trace:
[06-Mar-2019 21:34:54 UTC] PHP   1. {main}() /home/ubuntu/workspace/Project/pages/UserUploads/productupload.php:0
[06-Mar-2019 21:34:54 UTC] PHP   2. move_uploaded_file() /home/ubuntu/workspace/Project/pages/UserUploads/productupload.php:23
[06-Mar-2019 21:34:54 UTC] PHP Warning:  mysqli_stmt_close() expects parameter 1 to be mysqli_stmt, null given in /home/ubuntu/workspace/Project/pages/UserUploads/productupload.php on line 105
[06-Mar-2019 21:34:54 UTC] PHP Stack trace:
[06-Mar-2019 21:34:54 UTC] PHP   1. {main}() /home/ubuntu/workspace/Project/pages/UserUploads/productupload.php:0
[06-Mar-2019 21:34:54 UTC] PHP   2. mysqli_stmt_close() /home/ubuntu/workspace/Project/pages/UserUploads/productupload.php:105
[06-Mar-2019 21:36:02 UTC] PHP Warning:  move_uploaded_file(/Project/pages/UserUploads/ProductPictures/test): failed to open stream: No such file or directory in /home/ubuntu/workspace/Project/pages/UserUploads/productupload.php on line 23
[06-Mar-2019 21:36:02 UTC] PHP Stack trace:
[06-Mar-2019 21:36:02 UTC] PHP   1. {main}() /home/ubuntu/workspace/Project/pages/UserUploads/productupload.php:0
[06-Mar-2019 21:36:02 UTC] PHP   2. move_uploaded_file() /home/ubuntu/workspace/Project/pages/UserUploads/productupload.php:23
[06-Mar-2019 21:36:02 UTC] PHP Warning:  move_uploaded_file(): Unable to move '/tmp/php92nCDx' to '/Project/pages/UserUploads/ProductPictures/test' in /home/ubuntu/workspace/Project/pages/UserUploads/productupload.php on line 23
[06-Mar-2019 21:36:02 UTC] PHP Stack trace:
[06-Mar-2019 21:36:02 UTC] PHP   1. {main}() /home/ubuntu/workspace/Project/pages/UserUploads/productupload.php:0
[06-Mar-2019 21:36:02 UTC] PHP   2. move_uploaded_file() /home/ubuntu/workspace/Project/pages/UserUploads/productupload.php:23
[06-Mar-2019 21:36:02 UTC] PHP Warning:  mysqli_stmt_close() expects parameter 1 to be mysqli_stmt, null given in /home/ubuntu/workspace/Project/pages/UserUploads/productupload.php on line 105
[06-Mar-2019 21:36:02 UTC] PHP Stack trace:
[06-Mar-2019 21:36:02 UTC] PHP   1. {main}() /home/ubuntu/workspace/Project/pages/UserUploads/productupload.php:0
[06-Mar-2019 21:36:02 UTC] PHP   2. mysqli_stmt_close() /home/ubuntu/workspace/Project/pages/UserUploads/productupload.php:105
[06-Mar-2019 21:41:57 UTC] PHP Warning:  move_uploaded_file(/ProductPictures): failed to open stream: Permission denied in /home/ubuntu/workspace/Project/pages/UserUploads/productupload.php on line 24
[06-Mar-2019 21:41:57 UTC] PHP Stack trace:
[06-Mar-2019 21:41:57 UTC] PHP   1. {main}() /home/ubuntu/workspace/Project/pages/UserUploads/productupload.php:0
[06-Mar-2019 21:41:57 UTC] PHP   2. move_uploaded_file() /home/ubuntu/workspace/Project/pages/UserUploads/productupload.php:24
[06-Mar-2019 21:41:57 UTC] PHP Warning:  move_uploaded_file(): Unable to move '/tmp/phpDROP47' to '/ProductPictures' in /home/ubuntu/workspace/Project/pages/UserUploads/productupload.php on line 24
[06-Mar-2019 21:41:57 UTC] PHP Stack trace:
[06-Mar-2019 21:41:57 UTC] PHP   1. {main}() /home/ubuntu/workspace/Project/pages/UserUploads/productupload.php:0
[06-Mar-2019 21:41:57 UTC] PHP   2. move_uploaded_file() /home/ubuntu/workspace/Project/pages/UserUploads/productupload.php:24
[06-Mar-2019 21:41:57 UTC] PHP Warning:  mysqli_stmt_close() expects parameter 1 to be mysqli_stmt, null given in /home/ubuntu/workspace/Project/pages/UserUploads/productupload.php on line 106
[06-Mar-2019 21:41:57 UTC] PHP Stack trace:
[06-Mar-2019 21:41:57 UTC] PHP   1. {main}() /home/ubuntu/workspace/Project/pages/UserUploads/productupload.php:0
[06-Mar-2019 21:41:57 UTC] PHP   2. mysqli_stmt_close() /home/ubuntu/workspace/Project/pages/UserUploads/productupload.php:106
[06-Mar-2019 21:42:39 UTC] PHP Warning:  move_uploaded_file(/Project/pages/UserUploads/ProductPictures): failed to open stream: No such file or directory in /home/ubuntu/workspace/Project/pages/UserUploads/productupload.php on line 24
[06-Mar-2019 21:42:39 UTC] PHP Stack trace:
[06-Mar-2019 21:42:39 UTC] PHP   1. {main}() /home/ubuntu/workspace/Project/pages/UserUploads/productupload.php:0
[06-Mar-2019 21:42:39 UTC] PHP   2. move_uploaded_file() /home/ubuntu/workspace/Project/pages/UserUploads/productupload.php:24
[06-Mar-2019 21:42:39 UTC] PHP Warning:  move_uploaded_file(): Unable to move '/tmp/phpysehKV' to '/Project/pages/UserUploads/ProductPictures' in /home/ubuntu/workspace/Project/pages/UserUploads/productupload.php on line 24
[06-Mar-2019 21:42:39 UTC] PHP Stack trace:
[06-Mar-2019 21:42:39 UTC] PHP   1. {main}() /home/ubuntu/workspace/Project/pages/UserUploads/productupload.php:0
[06-Mar-2019 21:42:39 UTC] PHP   2. move_uploaded_file() /home/ubuntu/workspace/Project/pages/UserUploads/productupload.php:24
[06-Mar-2019 21:42:39 UTC] PHP Warning:  mysqli_stmt_close() expects parameter 1 to be mysqli_stmt, null given in /home/ubuntu/workspace/Project/pages/UserUploads/productupload.php on line 106
[06-Mar-2019 21:42:39 UTC] PHP Stack trace:
[06-Mar-2019 21:42:39 UTC] PHP   1. {main}() /home/ubuntu/workspace/Project/pages/UserUploads/productupload.php:0
[06-Mar-2019 21:42:39 UTC] PHP   2. mysqli_stmt_close() /home/ubuntu/workspace/Project/pages/UserUploads/productupload.php:106
[06-Mar-2019 21:45:24 UTC] PHP Warning:  move_uploaded_file(/Project): failed to open stream: Permission denied in /home/ubuntu/workspace/Project/pages/UserUploads/productupload.php on line 24
[06-Mar-2019 21:45:24 UTC] PHP Stack trace:
[06-Mar-2019 21:45:24 UTC] PHP   1. {main}() /home/ubuntu/workspace/Project/pages/UserUploads/productupload.php:0
[06-Mar-2019 21:45:24 UTC] PHP   2. move_uploaded_file() /home/ubuntu/workspace/Project/pages/UserUploads/productupload.php:24
[06-Mar-2019 21:45:24 UTC] PHP Warning:  move_uploaded_file(): Unable to move '/tmp/phpTzEiPj' to '/Project' in /home/ubuntu/workspace/Project/pages/UserUploads/productupload.php on line 24
[06-Mar-2019 21:45:24 UTC] PHP Stack trace:
[06-Mar-2019 21:45:24 UTC] PHP   1. {main}() /home/ubuntu/workspace/Project/pages/UserUploads/productupload.php:0
[06-Mar-2019 21:45:24 UTC] PHP   2. move_uploaded_file() /home/ubuntu/workspace/Project/pages/UserUploads/productupload.php:24
[06-Mar-2019 21:45:24 UTC] PHP Warning:  mysqli_stmt_close() expects parameter 1 to be mysqli_stmt, null given in /home/ubuntu/workspace/Project/pages/UserUploads/productupload.php on line 106
[06-Mar-2019 21:45:24 UTC] PHP Stack trace:
[06-Mar-2019 21:45:24 UTC] PHP   1. {main}() /home/ubuntu/workspace/Project/pages/UserUploads/productupload.php:0
[06-Mar-2019 21:45:24 UTC] PHP   2. mysqli_stmt_close() /home/ubuntu/workspace/Project/pages/UserUploads/productupload.php:106
[06-Mar-2019 21:49:27 UTC] PHP Warning:  move_uploaded_file(/home/ubuntu/workspace/Project/pages/UserUploadsProductPictures/5c8040675e1413.44541379.jpeg): failed to open stream: No such file or directory in /home/ubuntu/workspace/Project/pages/UserUploads/productupload.php on line 23
[06-Mar-2019 21:49:27 UTC] PHP Stack trace:
[06-Mar-2019 21:49:27 UTC] PHP   1. {main}() /home/ubuntu/workspace/Project/pages/UserUploads/productupload.php:0
[06-Mar-2019 21:49:27 UTC] PHP   2. move_uploaded_file() /home/ubuntu/workspace/Project/pages/UserUploads/productupload.php:23
[06-Mar-2019 21:49:27 UTC] PHP Warning:  move_uploaded_file(): Unable to move '/tmp/phpSHCVwW' to '/home/ubuntu/workspace/Project/pages/UserUploadsProductPictures/5c8040675e1413.44541379.jpeg' in /home/ubuntu/workspace/Project/pages/UserUploads/productupload.php on line 23
[06-Mar-2019 21:49:27 UTC] PHP Stack trace:
[06-Mar-2019 21:49:27 UTC] PHP   1. {main}() /home/ubuntu/workspace/Project/pages/UserUploads/productupload.php:0
[06-Mar-2019 21:49:27 UTC] PHP   2. move_uploaded_file() /home/ubuntu/workspace/Project/pages/UserUploads/productupload.php:23
[06-Mar-2019 21:49:27 UTC] PHP Warning:  mysqli_stmt_close() expects parameter 1 to be mysqli_stmt, null given in /home/ubuntu/workspace/Project/pages/UserUploads/productupload.php on line 105
[06-Mar-2019 21:49:27 UTC] PHP Stack trace:
[06-Mar-2019 21:49:27 UTC] PHP   1. {main}() /home/ubuntu/workspace/Project/pages/UserUploads/productupload.php:0
[06-Mar-2019 21:49:27 UTC] PHP   2. mysqli_stmt_close() /home/ubuntu/workspace/Project/pages/UserUploads/productupload.php:105
[06-Mar-2019 21:51:20 UTC] PHP Warning:  mysqli_stmt_close() expects parameter 1 to be mysqli_stmt, null given in /home/ubuntu/workspace/Project/pages/UserUploads/productupload.php on line 106
[06-Mar-2019 21:51:20 UTC] PHP Stack trace:
[06-Mar-2019 21:51:20 UTC] PHP   1. {main}() /home/ubuntu/workspace/Project/pages/UserUploads/productupload.php:0
[06-Mar-2019 21:51:20 UTC] PHP   2. mysqli_stmt_close() /home/ubuntu/workspace/Project/pages/UserUploads/productupload.php:106
[06-Mar-2019 21:52:25 UTC] PHP Warning:  mysqli_stmt_close() expects parameter 1 to be mysqli_stmt, null given in /home/ubuntu/workspace/Project/pages/UserUploads/productupload.php on line 106
[06-Mar-2019 21:52:25 UTC] PHP Stack trace:
[06-Mar-2019 21:52:25 UTC] PHP   1. {main}() /home/ubuntu/workspace/Project/pages/UserUploads/productupload.php:0
[06-Mar-2019 21:52:25 UTC] PHP   2. mysqli_stmt_close() /home/ubuntu/workspace/Project/pages/UserUploads/productupload.php:106
[06-Mar-2019 21:54:43 UTC] PHP Warning:  file_get_contents(/tmp/phpLfIpSR): failed to open stream: No such file or directory in /home/ubuntu/workspace/Project/pages/UserUploads/productupload.php on line 57
[06-Mar-2019 21:54:43 UTC] PHP Stack trace:
[06-Mar-2019 21:54:43 UTC] PHP   1. {main}() /home/ubuntu/workspace/Project/pages/UserUploads/productupload.php:0
[06-Mar-2019 21:54:43 UTC] PHP   2. file_get_contents() /home/ubuntu/workspace/Project/pages/UserUploads/productupload.php:57
[06-Mar-2019 23:17:21 UTC] PHP Warning:  file_get_contents(): Filename cannot be empty in /home/ubuntu/workspace/Project/pages/UserUploads/productupload.php on line 57
[06-Mar-2019 23:17:21 UTC] PHP Stack trace:
[06-Mar-2019 23:17:21 UTC] PHP   1. {main}() /home/ubuntu/workspace/Project/pages/UserUploads/productupload.php:0
[06-Mar-2019 23:17:21 UTC] PHP   2. file_get_contents() /home/ubuntu/workspace/Project/pages/UserUploads/productupload.php:57
[06-Mar-2019 23:18:39 UTC] PHP Warning:  file_get_contents(): Filename cannot be empty in /home/ubuntu/workspace/Project/pages/UserUploads/productupload.php on line 55
[06-Mar-2019 23:18:39 UTC] PHP Stack trace:
[06-Mar-2019 23:18:39 UTC] PHP   1. {main}() /home/ubuntu/workspace/Project/pages/UserUploads/productupload.php:0
[06-Mar-2019 23:18:39 UTC] PHP   2. file_get_contents() /home/ubuntu/workspace/Project/pages/UserUploads/productupload.php:55
[06-Mar-2019 23:19:19 UTC] PHP Warning:  file_get_contents(/tmp/phpF1UVZg): failed to open stream: No such file or directory in /home/ubuntu/workspace/Project/pages/UserUploads/productupload.php on line 55
[06-Mar-2019 23:19:19 UTC] PHP Stack trace:
[06-Mar-2019 23:19:19 UTC] PHP   1. {main}() /home/ubuntu/workspace/Project/pages/UserUploads/productupload.php:0
[06-Mar-2019 23:19:19 UTC] PHP   2. file_get_contents() /home/ubuntu/workspace/Project/pages/UserUploads/productupload.php:55
[06-Mar-2019 23:52:55 UTC] PHP Warning:  file_get_contents(): Filename cannot be empty in /home/ubuntu/workspace/Project/pages/UserUploads/productupload.php on line 38
[06-Mar-2019 23:52:55 UTC] PHP Stack trace:
[06-Mar-2019 23:52:55 UTC] PHP   1. {main}() /home/ubuntu/workspace/Project/pages/UserUploads/productupload.php:0
[06-Mar-2019 23:52:55 UTC] PHP   2. file_get_contents() /home/ubuntu/workspace/Project/pages/UserUploads/productupload.php:38
[07-Mar-2019 00:04:34 UTC] PHP Warning:  file_get_contents(): Filename cannot be empty in /home/ubuntu/workspace/Project/pages/UserUploads/productupload.php on line 38
[07-Mar-2019 00:04:34 UTC] PHP Stack trace:
[07-Mar-2019 00:04:34 UTC] PHP   1. {main}() /home/ubuntu/workspace/Project/pages/UserUploads/productupload.php:0
[07-Mar-2019 00:04:34 UTC] PHP   2. file_get_contents() /home/ubuntu/workspace/Project/pages/UserUploads/productupload.php:38
[07-Mar-2019 00:05:17 UTC] PHP Warning:  file_get_contents(): Filename cannot be empty in /home/ubuntu/workspace/Project/pages/UserUploads/productupload.php on line 38
[07-Mar-2019 00:05:17 UTC] PHP Stack trace:
[07-Mar-2019 00:05:17 UTC] PHP   1. {main}() /home/ubuntu/workspace/Project/pages/UserUploads/productupload.php:0
[07-Mar-2019 00:05:17 UTC] PHP   2. file_get_contents() /home/ubuntu/workspace/Project/pages/UserUploads/productupload.php:38
[07-Mar-2019 00:07:55 UTC] PHP Warning:  file_get_contents(): Filename cannot be empty in /home/ubuntu/workspace/Project/pages/UserUploads/productupload.php on line 38
[07-Mar-2019 00:07:55 UTC] PHP Stack trace:
[07-Mar-2019 00:07:55 UTC] PHP   1. {main}() /home/ubuntu/workspace/Project/pages/UserUploads/productupload.php:0
[07-Mar-2019 00:07:55 UTC] PHP   2. file_get_contents() /home/ubuntu/workspace/Project/pages/UserUploads/productupload.php:38
[07-Mar-2019 00:10:04 UTC] PHP Warning:  file_get_contents(): Filename cannot be empty in /home/ubuntu/workspace/Project/pages/UserUploads/productupload.php on line 38
[07-Mar-2019 00:10:04 UTC] PHP Stack trace:
[07-Mar-2019 00:10:04 UTC] PHP   1. {main}() /home/ubuntu/workspace/Project/pages/UserUploads/productupload.php:0
[07-Mar-2019 00:10:04 UTC] PHP   2. file_get_contents() /home/ubuntu/workspace/Project/pages/UserUploads/productupload.php:38
[07-Mar-2019 00:10:34 UTC] PHP Warning:  file_get_contents(): Filename cannot be empty in /home/ubuntu/workspace/Project/pages/UserUploads/productupload.php on line 38
[07-Mar-2019 00:10:34 UTC] PHP Stack trace:
[07-Mar-2019 00:10:34 UTC] PHP   1. {main}() /home/ubuntu/workspace/Project/pages/UserUploads/productupload.php:0
[07-Mar-2019 00:10:34 UTC] PHP   2. file_get_contents() /home/ubuntu/workspace/Project/pages/UserUploads/productupload.php:38
[07-Mar-2019 00:24:19 UTC] PHP Warning:  file_get_contents(): Filename cannot be empty in /home/ubuntu/workspace/Project/pages/UserUploads/productupload.php on line 38
[07-Mar-2019 00:24:19 UTC] PHP Stack trace:
[07-Mar-2019 00:24:19 UTC] PHP   1. {main}() /home/ubuntu/workspace/Project/pages/UserUploads/productupload.php:0
[07-Mar-2019 00:24:19 UTC] PHP   2. file_get_contents() /home/ubuntu/workspace/Project/pages/UserUploads/productupload.php:38
[21-Mar-2019 23:03:07 UTC] PHP Warning:  include(../pages/UserUploads/upload_function.php): failed to open stream: No such file or directory in /home/ubuntu/workspace/Project/pages/ProductCategories/homeofficegarden.php on line 2
[21-Mar-2019 23:03:07 UTC] PHP Stack trace:
[21-Mar-2019 23:03:07 UTC] PHP   1. {main}() /home/ubuntu/workspace/Project/pages/ProductCategories/homeofficegarden.php:0
[21-Mar-2019 23:03:07 UTC] PHP Warning:  include(): Failed opening '../pages/UserUploads/upload_function.php' for inclusion (include_path='.:/usr/share/php:/usr/share/pear') in /home/ubuntu/workspace/Project/pages/ProductCategories/homeofficegarden.php on line 2
[21-Mar-2019 23:03:07 UTC] PHP Stack trace:
[21-Mar-2019 23:03:07 UTC] PHP   1. {main}() /home/ubuntu/workspace/Project/pages/ProductCategories/homeofficegarden.php:0
[21-Mar-2019 23:03:07 UTC] PHP Fatal error:  Call to undefined function getProduct() in /home/ubuntu/workspace/Project/pages/ProductCategories/homeofficegarden.php on line 180
[21-Mar-2019 23:03:07 UTC] PHP Stack trace:
[21-Mar-2019 23:03:07 UTC] PHP   1. {main}() /home/ubuntu/workspace/Project/pages/ProductCategories/homeofficegarden.php:0
[25-Mar-2019 01:55:39 UTC] PHP Warning:  include(/Project/pages/report.php): failed to open stream: No such file or directory in /home/ubuntu/workspace/Project/pages/UserUploads/report_upload.php on line 10
[25-Mar-2019 01:55:39 UTC] PHP Stack trace:
[25-Mar-2019 01:55:39 UTC] PHP   1. {main}() /home/ubuntu/workspace/Project/pages/UserUploads/report_upload.php:0
[25-Mar-2019 01:55:39 UTC] PHP Warning:  include(): Failed opening '/Project/pages/report.php' for inclusion (include_path='.:/usr/share/php:/usr/share/pear') in /home/ubuntu/workspace/Project/pages/UserUploads/report_upload.php on line 10
[25-Mar-2019 01:55:39 UTC] PHP Stack trace:
[25-Mar-2019 01:55:39 UTC] PHP   1. {main}() /home/ubuntu/workspace/Project/pages/UserUploads/report_upload.php:0
[25-Mar-2019 01:58:49 UTC] PHP Warning:  include(/Project/pages/report.php): failed to open stream: No such file or directory in /home/ubuntu/workspace/Project/pages/UserUploads/report_upload.php on line 10
[25-Mar-2019 01:58:49 UTC] PHP Stack trace:
[25-Mar-2019 01:58:49 UTC] PHP   1. {main}() /home/ubuntu/workspace/Project/pages/UserUploads/report_upload.php:0
[25-Mar-2019 01:58:49 UTC] PHP Warning:  include(): Failed opening '/Project/pages/report.php' for inclusion (include_path='.:/usr/share/php:/usr/share/pear') in /home/ubuntu/workspace/Project/pages/UserUploads/report_upload.php on line 10
[25-Mar-2019 01:58:49 UTC] PHP Stack trace:
[25-Mar-2019 01:58:49 UTC] PHP   1. {main}() /home/ubuntu/workspace/Project/pages/UserUploads/report_upload.php:0
[25-Mar-2019 02:01:31 UTC] PHP Warning:  include(/Project/pages/report.php): failed to open stream: No such file or directory in /home/ubuntu/workspace/Project/pages/UserUploads/report_upload.php on line 10
[25-Mar-2019 02:01:31 UTC] PHP Stack trace:
[25-Mar-2019 02:01:31 UTC] PHP   1. {main}() /home/ubuntu/workspace/Project/pages/UserUploads/report_upload.php:0
[25-Mar-2019 02:01:31 UTC] PHP Warning:  include(): Failed opening '/Project/pages/report.php' for inclusion (include_path='.:/usr/share/php:/usr/share/pear') in /home/ubuntu/workspace/Project/pages/UserUploads/report_upload.php on line 10
[25-Mar-2019 02:01:31 UTC] PHP Stack trace:
[25-Mar-2019 02:01:31 UTC] PHP   1. {main}() /home/ubuntu/workspace/Project/pages/UserUploads/report_upload.php:0
[27-Mar-2019 04:40:12 UTC] PHP Warning:  mysqli_stmt_bind_param(): Number of variables doesn't match number of parameters in prepared statement in /home/ubuntu/workspace/Project/pages/UserSystemIncludes/changepassword.inc.php on line 27
[27-Mar-2019 04:40:12 UTC] PHP Stack trace:
[27-Mar-2019 04:40:12 UTC] PHP   1. {main}() /home/ubuntu/workspace/Project/pages/UserSystemIncludes/changepassword.inc.php:0
[27-Mar-2019 04:40:12 UTC] PHP   2. mysqli_stmt_bind_param() /home/ubuntu/workspace/Project/pages/UserSystemIncludes/changepassword.inc.php:27
[27-Mar-2019 04:48:25 UTC] PHP Warning:  mysqli_stmt_bind_param(): Number of variables doesn't match number of parameters in prepared statement in /home/ubuntu/workspace/Project/pages/UserSystemIncludes/changepassword.inc.php on line 27
[27-Mar-2019 04:48:25 UTC] PHP Stack trace:
[27-Mar-2019 04:48:25 UTC] PHP   1. {main}() /home/ubuntu/workspace/Project/pages/UserSystemIncludes/changepassword.inc.php:0
[27-Mar-2019 04:48:25 UTC] PHP   2. mysqli_stmt_bind_param() /home/ubuntu/workspace/Project/pages/UserSystemIncludes/changepassword.inc.php:27
[27-Mar-2019 20:27:04 UTC] PHP Warning:  file_get_contents(): Filename cannot be empty in /home/ubuntu/workspace/Project/pages/UserUploads/giveaway_upload.php on line 37
[27-Mar-2019 20:27:04 UTC] PHP Stack trace:
[27-Mar-2019 20:27:04 UTC] PHP   1. {main}() /home/ubuntu/workspace/Project/pages/UserUploads/giveaway_upload.php:0
[27-Mar-2019 20:27:04 UTC] PHP   2. file_get_contents() /home/ubuntu/workspace/Project/pages/UserUploads/giveaway_upload.php:37
[27-Mar-2019 20:28:42 UTC] PHP Warning:  file_get_contents(): Filename cannot be empty in /home/ubuntu/workspace/Project/pages/UserUploads/giveaway_upload.php on line 37
[27-Mar-2019 20:28:42 UTC] PHP Stack trace:
[27-Mar-2019 20:28:42 UTC] PHP   1. {main}() /home/ubuntu/workspace/Project/pages/UserUploads/giveaway_upload.php:0
[27-Mar-2019 20:28:42 UTC] PHP   2. file_get_contents() /home/ubuntu/workspace/Project/pages/UserUploads/giveaway_upload.php:37
[27-Mar-2019 20:30:34 UTC] PHP Warning:  file_get_contents(): Filename cannot be empty in /home/ubuntu/workspace/Project/pages/UserUploads/giveaway_upload.php on line 37
[27-Mar-2019 20:30:34 UTC] PHP Stack trace:
[27-Mar-2019 20:30:34 UTC] PHP   1. {main}() /home/ubuntu/workspace/Project/pages/UserUploads/giveaway_upload.php:0
[27-Mar-2019 20:30:34 UTC] PHP   2. file_get_contents() /home/ubuntu/workspace/Project/pages/UserUploads/giveaway_upload.php:37
[27-Mar-2019 20:34:32 UTC] PHP Warning:  file_get_contents(): Filename cannot be empty in /home/ubuntu/workspace/Project/pages/UserUploads/giveaway_upload.php on line 37
[27-Mar-2019 20:34:32 UTC] PHP Stack trace:
[27-Mar-2019 20:34:32 UTC] PHP   1. {main}() /home/ubuntu/workspace/Project/pages/UserUploads/giveaway_upload.php:0
[27-Mar-2019 20:34:32 UTC] PHP   2. file_get_contents() /home/ubuntu/workspace/Project/pages/UserUploads/giveaway_upload.php:37
